<?xml version="1.0" encoding="UTF-8"?>
<!-- Generated by org.testng.reporters.JUnitReportReporter -->
<testsuite hostname="DESKTOP-0GTM9MP" failures="0" tests="4" name="com.restassured.test.HTTPRequest" time="7.570" errors="0" timestamp="2023-07-16T23:50:45 CDT" skipped="0">
  <testcase classname="com.restassured.test.HTTPRequest" name="getUser" time="4.199"/>
  <system-out/>
  <testcase classname="com.restassured.test.HTTPRequest" name="createUser" time="2.571"/>
  <system-out/>
  <testcase classname="com.restassured.test.HTTPRequest" name="updateUser" time="0.399"/>
  <system-out/>
  <testcase classname="com.restassured.test.HTTPRequest" name="deleteUser" time="0.401"/>
  <system-out/>
</testsuite> <!-- com.restassured.test.HTTPRequest -->
