<?xml version="1.0" encoding="UTF-8"?>
<!-- Generated by org.testng.reporters.JUnitReportReporter -->
<testsuite hostname="DESKTOP-0GTM9MP" failures="0" tests="1" name="com.restassured.test.UserTest" time="4.535" errors="0" timestamp="2023-07-16T07:53:03 CDT" skipped="0">
  <testcase classname="com.restassured.test.UserTest" name="deleteUser" time="4.535"/>
  <system-out/>
</testsuite> <!-- com.restassured.test.UserTest -->
